c:\users\krister.cederlund\documents\fgengine\fgengine\builds\engine\debug\fgengine.pdb
c:\users\krister.cederlund\documents\fgengine\fgengine\builds\engine\debug\fgengine.idb
c:\users\krister.cederlund\documents\fgengine\fgengine\builds\engine\debug\window.obj
c:\users\krister.cederlund\documents\fgengine\fgengine\builds\engine\debug\vector2d.obj
c:\users\krister.cederlund\documents\fgengine\fgengine\builds\engine\debug\time.obj
c:\users\krister.cederlund\documents\fgengine\fgengine\builds\engine\debug\sprite.obj
c:\users\krister.cederlund\documents\fgengine\fgengine\builds\engine\debug\resourcemanager.obj
c:\users\krister.cederlund\documents\fgengine\fgengine\builds\engine\debug\main.obj
c:\users\krister.cederlund\documents\fgengine\fgengine\builds\engine\debug\logger.obj
c:\users\krister.cederlund\documents\fgengine\fgengine\builds\engine\debug\inputmanager.obj
c:\users\krister.cederlund\documents\fgengine\fgengine\builds\engine\debug\entitymanager.obj
c:\users\krister.cederlund\documents\fgengine\fgengine\builds\engine\debug\collision.obj
c:\users\krister.cederlund\documents\fgengine\fgengine\builds\engine\debug\camera.obj
c:\users\krister.cederlund\documents\fgengine\fgengine\builds\engine\debug\fgengine_d.lib
c:\users\krister.cederlund\documents\fgengine\fgengine\builds\engine\debug\fgengine.tlog\cl.command.1.tlog
c:\users\krister.cederlund\documents\fgengine\fgengine\builds\engine\debug\fgengine.tlog\cl.read.1.tlog
c:\users\krister.cederlund\documents\fgengine\fgengine\builds\engine\debug\fgengine.tlog\cl.write.1.tlog
c:\users\krister.cederlund\documents\fgengine\fgengine\builds\engine\debug\fgengine.tlog\lib-link.read.1.tlog
c:\users\krister.cederlund\documents\fgengine\fgengine\builds\engine\debug\fgengine.tlog\lib-link.write.1.tlog
c:\users\krister.cederlund\documents\fgengine\fgengine\builds\engine\debug\fgengine.tlog\lib.command.1.tlog
